â¯ make install 2>../make_install.log 1>&2
make[1]: Entering directory '/opt/sqlite/archive/source/sqlite-autoconf-3330000'
 /usr/bin/mkdir -p '/opt/sqlite/lib'
 /bin/bash ./libtool   --mode=install /usr/bin/install -c   libsqlite3.la '/opt/sqlite/lib'
libtool: install: /usr/bin/install -c .libs/libsqlite3.so.0.8.6 /opt/sqlite/lib/libsqlite3.so.0.8.6
libtool: install: (cd /opt/sqlite/lib && { ln -s -f libsqlite3.so.0.8.6 libsqlite3.so.0 || { rm -f libsqlite3.so.0 && ln -s libsqlite3.so.0.8.6 libsqlite3.so.0; }; })
libtool: install: (cd /opt/sqlite/lib && { ln -s -f libsqlite3.so.0.8.6 libsqlite3.so || { rm -f libsqlite3.so && ln -s libsqlite3.so.0.8.6 libsqlite3.so; }; })
libtool: install: /usr/bin/install -c .libs/libsqlite3.lai /opt/sqlite/lib/libsqlite3.la
libtool: install: /usr/bin/install -c .libs/libsqlite3.a /opt/sqlite/lib/libsqlite3.a
libtool: install: chmod 644 /opt/sqlite/lib/libsqlite3.a
libtool: install: ranlib /opt/sqlite/lib/libsqlite3.a
libtool: finish: PATH="/opt/httpd/bin:/opt/valgrind/bin:/opt/shadowsocks/bin:/opt/openssl/bin:/opt/expat/bin:/opt/asciidoc/bin:/opt/apr-util/bin:/opt/apr-iconv/bin:/opt/apr/bin:/root/.local/bin:/usr/games:/usr/local/bin:/usr/local/sbin:/usr/sbin:/usr/bin:/sbin:/bin:/sbin" ldconfig -n /opt/sqlite/lib
----------------------------------------------------------------------
Libraries have been installed in:
   /opt/sqlite/lib

If you ever happen to want to link against installed libraries
in a given directory, LIBDIR, you must either use libtool, and
specify the full pathname of the library, or use the '-LLIBDIR'
flag during linking and do at least one of the following:
   - add LIBDIR to the 'LD_LIBRARY_PATH' environment variable
     during execution
   - add LIBDIR to the 'LD_RUN_PATH' environment variable
     during linking
   - use the '-Wl,-rpath -Wl,LIBDIR' linker flag
   - have your system administrator add LIBDIR to '/etc/ld.so.conf'

See any operating system documentation about shared libraries for
more information, such as the ld(1) and ld.so(8) manual pages.
----------------------------------------------------------------------
 /usr/bin/mkdir -p '/opt/sqlite/bin'
  /bin/bash ./libtool   --mode=install /usr/bin/install -c sqlite3 '/opt/sqlite/bin'
libtool: install: /usr/bin/install -c sqlite3 /opt/sqlite/bin/sqlite3
 /usr/bin/mkdir -p '/opt/sqlite/include'
 /usr/bin/install -c -m 644 sqlite3.h sqlite3ext.h '/opt/sqlite/include'
 /usr/bin/mkdir -p '/opt/sqlite/share/man/man1'
 /usr/bin/install -c -m 644 sqlite3.1 '/opt/sqlite/share/man/man1'
 /usr/bin/mkdir -p '/opt/sqlite/lib/pkgconfig'
 /usr/bin/install -c -m 644 sqlite3.pc '/opt/sqlite/lib/pkgconfig'
make[1]: Leaving directory '/opt/sqlite/archive/source/sqlite-autoconf-3330000'
